SF:lib/core/data/repository/api_client.dart
DA:10,1
DA:11,1
LF:2
LH:2
end_of_record
SF:lib/core/data/repository/api_client.g.dart
DA:12,1
DA:24,1
DA:33,1
DA:34,1
DA:42,1
DA:44,2
DA:49,1
DA:50,2
DA:55,1
DA:56,1
DA:57,3
DA:58,1
DA:60,2
DA:63,2
DA:65,0
DA:71,1
DA:72,1
DA:73,2
DA:74,2
DA:75,1
DA:76,0
DA:78,1
DA:84,1
DA:88,0
DA:92,0
DA:94,0
DA:95,0
DA:98,0
LF:28
LH:21
end_of_record
SF:lib/core/models/event-info/event_info_model.dart
DA:17,1
DA:18,1
DA:28,1
DA:29,1
DA:61,0
DA:72,0
DA:73,0
DA:84,0
DA:85,0
DA:101,0
DA:102,0
DA:113,0
DA:126,0
DA:142,0
DA:152,0
DA:163,0
DA:164,0
DA:187,0
DA:188,0
DA:202,0
DA:221,0
DA:235,0
DA:236,0
DA:246,0
DA:258,0
DA:259,0
DA:294,0
DA:304,0
DA:305,0
DA:319,0
DA:320,0
DA:330,0
DA:341,0
DA:342,0
DA:352,0
DA:363,0
DA:364,0
DA:375,0
DA:376,0
DA:387,0
DA:399,0
DA:400,0
DA:412,0
DA:413,0
DA:423,0
DA:436,0
DA:447,0
DA:448,0
DA:462,0
DA:463,0
DA:473,0
DA:474,0
DA:487,2
DA:494,0
DA:496,0
DA:497,0
DA:498,0
LF:57
LH:5
end_of_record
SF:lib/core/models/event-info/event_info_model.g.dart
DA:13,0
DA:15,0
DA:16,0
DA:17,0
DA:19,0
DA:20,0
DA:21,0
DA:22,0
DA:26,0
DA:29,0
DA:30,0
DA:31,0
DA:32,0
DA:33,0
DA:34,0
DA:35,0
DA:38,0
DA:39,0
DA:41,0
DA:44,0
DA:45,0
DA:46,0
DA:54,0
DA:56,0
DA:57,0
DA:58,0
DA:60,0
DA:61,0
DA:65,0
DA:68,0
DA:69,0
DA:70,0
DA:73,0
DA:74,0
DA:76,0
DA:79,0
DA:80,0
DA:81,0
DA:88,0
DA:90,0
DA:91,0
DA:92,0
DA:94,0
DA:95,0
DA:96,0
DA:97,0
DA:98,0
DA:99,0
DA:100,0
DA:101,0
DA:102,0
DA:103,0
DA:104,0
DA:105,0
DA:106,0
DA:107,0
DA:108,0
DA:109,0
DA:110,0
DA:111,0
DA:112,0
DA:113,0
DA:117,0
DA:120,0
DA:121,0
DA:122,0
DA:123,0
DA:124,0
DA:125,0
DA:126,0
DA:127,0
DA:128,0
DA:129,0
DA:130,0
DA:131,0
DA:132,0
DA:133,0
DA:134,0
DA:135,0
DA:136,0
DA:137,0
DA:138,0
DA:139,0
DA:140,0
DA:141,0
DA:142,0
DA:143,0
DA:144,0
DA:145,0
DA:146,0
DA:147,0
DA:148,0
DA:149,0
DA:150,0
DA:151,0
DA:152,0
DA:153,0
DA:154,0
DA:155,0
DA:156,0
DA:157,0
DA:158,0
DA:161,0
DA:162,0
DA:164,0
DA:167,0
DA:168,0
DA:169,0
DA:176,0
DA:178,0
DA:179,0
DA:180,0
DA:182,0
DA:183,0
DA:184,0
DA:188,0
DA:191,0
DA:192,0
DA:193,0
DA:194,0
DA:195,0
DA:198,0
DA:199,0
DA:201,0
DA:204,0
DA:205,0
DA:206,0
DA:213,0
DA:215,0
DA:216,0
DA:217,0
DA:219,0
DA:220,0
DA:221,0
DA:225,0
DA:228,0
DA:229,0
DA:230,0
DA:231,0
DA:232,0
DA:235,0
DA:236,0
DA:238,0
DA:241,0
DA:242,0
DA:243,0
DA:250,0
DA:252,0
DA:253,0
DA:254,0
DA:256,0
DA:257,0
DA:258,0
DA:259,0
DA:260,0
DA:261,0
DA:262,0
DA:263,0
DA:267,0
DA:270,0
DA:271,0
DA:272,0
DA:273,0
DA:274,0
DA:275,0
DA:276,0
DA:277,0
DA:278,0
DA:279,0
DA:280,0
DA:281,0
DA:282,0
DA:283,0
DA:284,0
DA:287,0
DA:288,0
DA:290,0
DA:293,0
DA:294,0
DA:295,0
DA:302,0
DA:304,0
DA:305,0
DA:306,0
DA:308,0
DA:309,0
DA:310,0
DA:314,0
DA:317,0
DA:318,0
DA:319,0
DA:320,0
DA:321,0
DA:324,0
DA:325,0
DA:327,0
DA:330,0
DA:331,0
DA:332,0
DA:339,0
DA:341,0
DA:342,0
DA:343,0
DA:345,0
DA:346,0
DA:347,0
DA:348,0
DA:349,0
DA:353,0
DA:356,0
DA:357,0
DA:358,0
DA:359,0
DA:360,0
DA:361,0
DA:362,0
DA:363,0
DA:364,0
DA:367,0
DA:368,0
DA:370,0
DA:373,0
DA:374,0
DA:375,0
DA:382,0
DA:384,0
DA:385,0
DA:386,0
DA:388,0
DA:389,0
DA:390,0
DA:391,0
DA:392,0
DA:393,0
DA:394,0
DA:395,0
DA:399,0
DA:402,0
DA:403,0
DA:404,0
DA:405,0
DA:406,0
DA:407,0
DA:408,0
DA:409,0
DA:410,0
DA:411,0
DA:412,0
DA:413,0
DA:414,0
DA:415,0
DA:416,0
DA:419,0
DA:420,0
DA:422,0
DA:425,0
DA:426,0
DA:427,0
DA:434,0
DA:436,0
DA:437,0
DA:438,0
DA:440,0
DA:441,0
DA:445,0
DA:448,0
DA:449,0
DA:450,0
DA:453,0
DA:454,0
DA:456,0
DA:459,0
DA:460,0
DA:461,0
DA:468,0
DA:470,0
DA:471,0
DA:472,0
DA:474,0
DA:475,0
DA:476,0
DA:480,0
DA:483,0
DA:484,0
DA:485,0
DA:486,0
DA:487,0
DA:490,0
DA:491,0
DA:493,0
DA:496,0
DA:497,0
DA:498,0
DA:505,0
DA:507,0
DA:508,0
DA:509,0
DA:511,0
DA:512,0
DA:513,0
DA:514,0
DA:515,0
DA:516,0
DA:517,0
DA:518,0
DA:519,0
DA:520,0
DA:521,0
DA:525,0
DA:528,0
DA:529,0
DA:530,0
DA:531,0
DA:532,0
DA:533,0
DA:534,0
DA:535,0
DA:536,0
DA:537,0
DA:538,0
DA:539,0
DA:540,0
DA:541,0
DA:542,0
DA:543,0
DA:544,0
DA:545,0
DA:546,0
DA:547,0
DA:548,0
DA:551,0
DA:552,0
DA:554,0
DA:557,0
DA:558,0
DA:559,0
DA:566,0
DA:568,0
DA:569,0
DA:570,0
DA:572,0
DA:573,0
DA:574,0
DA:575,0
DA:576,0
DA:577,0
DA:581,0
DA:584,0
DA:585,0
DA:586,0
DA:587,0
DA:588,0
DA:589,0
DA:590,0
DA:591,0
DA:592,0
DA:593,0
DA:594,0
DA:597,0
DA:598,0
DA:600,0
DA:603,0
DA:604,0
DA:605,0
DA:612,0
DA:614,0
DA:615,0
DA:616,0
DA:618,0
DA:619,0
DA:623,0
DA:626,0
DA:627,0
DA:628,0
DA:631,0
DA:632,0
DA:634,0
DA:637,0
DA:638,0
DA:639,0
DA:646,0
DA:648,0
DA:649,0
DA:650,0
DA:652,0
DA:653,0
DA:657,0
DA:660,0
DA:661,0
DA:662,0
DA:665,0
DA:666,0
DA:668,0
DA:671,0
DA:672,0
DA:673,0
DA:680,0
DA:682,0
DA:683,0
DA:684,0
DA:686,0
DA:687,0
DA:688,0
DA:689,0
DA:693,0
DA:696,0
DA:697,0
DA:698,0
DA:699,0
DA:700,0
DA:701,0
DA:702,0
DA:705,0
DA:706,0
DA:708,0
DA:711,0
DA:712,0
DA:713,0
DA:720,0
DA:722,0
DA:723,0
DA:724,0
DA:726,0
DA:727,0
DA:728,0
DA:729,0
DA:730,0
DA:731,0
DA:732,0
DA:733,0
DA:734,0
DA:735,0
DA:736,0
DA:737,0
DA:738,0
DA:739,0
DA:740,0
DA:741,0
DA:742,0
DA:743,0
DA:744,0
DA:745,0
DA:746,0
DA:747,0
DA:748,0
DA:752,0
DA:755,0
DA:756,0
DA:757,0
DA:758,0
DA:759,0
DA:760,0
DA:761,0
DA:762,0
DA:763,0
DA:764,0
DA:765,0
DA:766,0
DA:767,0
DA:768,0
DA:769,0
DA:770,0
DA:771,0
DA:772,0
DA:773,0
DA:774,0
DA:775,0
DA:776,0
DA:777,0
DA:778,0
DA:779,0
DA:780,0
DA:781,0
DA:782,0
DA:783,0
DA:784,0
DA:785,0
DA:786,0
DA:787,0
DA:788,0
DA:789,0
DA:790,0
DA:791,0
DA:792,0
DA:793,0
DA:794,0
DA:795,0
DA:796,0
DA:797,0
DA:798,0
DA:799,0
DA:802,0
DA:803,0
DA:805,0
DA:808,0
DA:809,0
DA:810,0
DA:817,0
DA:819,0
DA:820,0
DA:821,0
DA:823,0
DA:824,0
DA:828,0
DA:831,0
DA:832,0
DA:833,0
DA:836,0
DA:837,0
DA:839,0
DA:842,0
DA:843,0
DA:844,0
DA:851,0
DA:853,0
DA:854,0
DA:855,0
DA:857,0
DA:858,0
DA:859,0
DA:860,0
DA:864,0
DA:867,0
DA:868,0
DA:869,0
DA:870,0
DA:871,0
DA:872,0
DA:873,0
DA:876,0
DA:877,0
DA:879,0
DA:882,0
DA:883,0
DA:884,0
DA:891,0
DA:893,0
DA:894,0
DA:895,0
DA:897,0
DA:898,0
DA:902,0
DA:905,0
DA:906,0
DA:907,0
DA:910,0
DA:911,0
DA:913,0
DA:916,0
DA:917,0
DA:918,0
DA:925,0
DA:927,0
DA:928,0
DA:929,0
DA:931,0
DA:932,0
DA:933,0
DA:937,0
DA:940,0
DA:941,0
DA:942,0
DA:943,0
DA:944,0
DA:947,0
DA:948,0
DA:950,0
DA:953,0
DA:954,0
DA:955,0
DA:962,0
DA:964,0
DA:965,0
DA:966,0
DA:968,0
DA:969,0
DA:973,0
DA:976,0
DA:977,0
DA:978,0
DA:981,0
DA:982,0
DA:984,0
DA:987,0
DA:988,0
DA:989,0
DA:996,0
DA:998,0
DA:999,0
DA:1000,0
DA:1002,0
DA:1003,0
DA:1004,0
DA:1008,0
DA:1011,0
DA:1012,0
DA:1013,0
DA:1014,0
DA:1015,0
DA:1018,0
DA:1019,0
DA:1021,0
DA:1024,0
DA:1025,0
DA:1026,0
DA:1033,0
DA:1035,0
DA:1036,0
DA:1037,0
DA:1039,0
DA:1040,0
DA:1041,0
DA:1045,0
DA:1048,0
DA:1049,0
DA:1050,0
DA:1051,0
DA:1052,0
DA:1055,0
DA:1056,0
DA:1058,0
DA:1061,0
DA:1062,0
DA:1063,0
DA:1070,0
DA:1072,0
DA:1073,0
DA:1074,0
DA:1076,0
DA:1077,0
DA:1078,0
DA:1082,0
DA:1085,0
DA:1086,0
DA:1087,0
DA:1088,0
DA:1089,0
DA:1092,0
DA:1093,0
DA:1095,0
DA:1098,0
DA:1099,0
DA:1100,0
DA:1107,0
DA:1109,0
DA:1110,0
DA:1111,0
DA:1113,0
DA:1114,0
DA:1115,0
DA:1116,0
DA:1120,0
DA:1123,0
DA:1124,0
DA:1125,0
DA:1126,0
DA:1127,0
DA:1128,0
DA:1129,0
DA:1132,0
DA:1133,0
DA:1135,0
DA:1138,0
DA:1139,0
DA:1140,0
DA:1147,0
DA:1149,0
DA:1150,0
DA:1151,0
DA:1153,0
DA:1154,0
DA:1155,0
DA:1156,0
DA:1160,0
DA:1163,0
DA:1164,0
DA:1165,0
DA:1166,0
DA:1167,0
DA:1168,0
DA:1169,0
DA:1172,0
DA:1173,0
DA:1175,0
DA:1178,0
DA:1179,0
DA:1180,0
DA:1187,0
DA:1189,0
DA:1190,0
DA:1191,0
DA:1193,0
DA:1194,0
DA:1198,0
DA:1201,0
DA:1202,0
DA:1203,0
DA:1206,0
DA:1207,0
DA:1209,0
DA:1212,0
DA:1213,0
DA:1214,0
DA:1221,0
DA:1223,0
DA:1224,0
DA:1225,0
DA:1227,0
DA:1228,0
DA:1229,0
DA:1230,0
DA:1231,0
DA:1235,0
DA:1238,0
DA:1239,0
DA:1240,0
DA:1241,0
DA:1242,0
DA:1243,0
DA:1244,0
DA:1245,0
DA:1246,0
DA:1249,0
DA:1250,0
DA:1252,0
DA:1255,0
DA:1256,0
DA:1257,0
DA:1264,0
DA:1266,0
DA:1267,0
DA:1268,0
DA:1270,0
DA:1271,0
DA:1272,0
DA:1276,0
DA:1279,0
DA:1280,0
DA:1281,0
DA:1282,0
DA:1283,0
DA:1286,0
DA:1287,0
DA:1289,0
DA:1292,0
DA:1293,0
DA:1294,0
DA:1301,0
DA:1303,0
DA:1304,0
DA:1305,0
DA:1307,0
DA:1308,0
DA:1309,0
DA:1310,0
DA:1314,0
DA:1317,0
DA:1318,0
DA:1319,0
DA:1320,0
DA:1321,0
DA:1322,0
DA:1323,0
DA:1326,0
DA:1327,0
DA:1329,0
DA:1332,0
DA:1333,0
DA:1334,0
DA:1341,0
DA:1343,0
DA:1344,0
DA:1345,0
DA:1347,0
DA:1348,0
DA:1352,0
DA:1355,0
DA:1356,0
DA:1357,0
DA:1360,0
DA:1361,0
DA:1363,0
DA:1366,0
DA:1367,0
DA:1368,0
DA:1375,0
DA:1377,0
DA:1378,0
DA:1379,0
DA:1381,0
DA:1382,0
DA:1383,0
DA:1384,0
DA:1385,0
DA:1389,0
DA:1392,0
DA:1393,0
DA:1394,0
DA:1395,0
DA:1396,0
DA:1397,0
DA:1398,0
DA:1399,0
DA:1400,0
DA:1403,0
DA:1404,0
DA:1406,0
DA:1409,0
DA:1410,0
DA:1411,0
DA:1418,0
DA:1420,0
DA:1421,0
DA:1423,0
DA:1425,0
DA:1427,0
DA:1434,0
DA:1437,0
DA:1438,0
DA:1440,0
DA:1441,0
DA:1443,0
DA:1444,0
DA:1446,0
DA:1447,0
DA:1452,0
DA:1453,0
DA:1455,0
DA:1458,0
DA:1459,0
DA:1460,0
DA:1467,1
DA:1468,1
DA:1469,1
DA:1471,1
DA:1472,1
DA:1473,1
DA:1475,0
DA:1476,1
DA:1478,2
DA:1481,0
DA:1483,0
DA:1484,0
DA:1485,0
DA:1486,0
DA:1489,1
DA:1491,1
DA:1492,1
DA:1493,1
DA:1494,1
DA:1497,0
DA:1499,0
DA:1500,0
DA:1503,0
DA:1504,0
DA:1505,0
DA:1506,0
DA:1507,0
DA:1508,0
DA:1509,0
DA:1510,0
DA:1511,0
DA:1512,0
DA:1513,0
DA:1515,0
DA:1516,0
DA:1518,0
DA:1519,0
DA:1520,0
DA:1521,0
DA:1522,0
DA:1524,0
DA:1525,0
DA:1526,0
DA:1527,0
DA:1528,0
DA:1529,0
DA:1531,0
DA:1532,0
DA:1533,0
DA:1535,0
DA:1536,0
DA:1538,0
DA:1539,0
DA:1540,0
DA:1542,0
DA:1543,0
DA:1545,0
DA:1546,0
DA:1548,0
DA:1551,0
DA:1552,0
DA:1553,0
DA:1554,0
DA:1555,0
DA:1556,0
DA:1557,0
DA:1558,0
DA:1559,0
DA:1560,0
DA:1561,0
DA:1562,0
DA:1563,0
DA:1564,0
DA:1565,0
DA:1566,0
DA:1567,0
DA:1568,0
DA:1569,0
DA:1570,0
DA:1571,0
DA:1574,0
DA:1575,0
DA:1576,0
DA:1577,0
DA:1580,0
DA:1581,0
DA:1582,0
DA:1583,0
DA:1586,0
DA:1588,0
DA:1589,0
DA:1590,0
DA:1593,0
DA:1595,0
DA:1596,0
DA:1597,0
DA:1600,0
DA:1601,0
DA:1602,0
DA:1603,0
DA:1605,0
DA:1606,0
DA:1608,0
DA:1609,0
DA:1611,0
DA:1612,0
DA:1614,0
DA:1615,0
DA:1617,0
DA:1618,0
DA:1621,0
DA:1623,0
DA:1624,0
DA:1625,0
DA:1626,0
DA:1627,0
DA:1628,0
DA:1629,0
DA:1630,0
DA:1633,0
DA:1634,0
DA:1635,0
DA:1638,0
DA:1639,0
DA:1640,0
DA:1641,0
DA:1644,0
DA:1645,0
DA:1647,0
DA:1648,0
DA:1649,0
DA:1651,0
DA:1652,0
DA:1655,0
DA:1656,0
DA:1657,0
DA:1658,0
DA:1659,0
DA:1660,0
DA:1663,0
DA:1664,0
DA:1666,0
DA:1667,0
DA:1668,0
DA:1670,0
DA:1671,0
DA:1672,0
DA:1673,0
DA:1674,0
DA:1677,0
DA:1678,0
DA:1679,0
DA:1680,0
DA:1681,0
DA:1682,0
DA:1683,0
DA:1684,0
DA:1685,0
DA:1688,0
DA:1689,0
DA:1692,0
DA:1693,0
DA:1694,0
DA:1697,0
DA:1698,0
DA:1699,0
DA:1700,0
DA:1701,0
DA:1702,0
DA:1703,0
DA:1704,0
DA:1707,0
DA:1708,0
DA:1709,0
DA:1710,0
DA:1713,0
DA:1714,0
DA:1715,0
DA:1716,0
DA:1717,0
DA:1718,0
DA:1719,0
DA:1720,0
DA:1721,0
DA:1722,0
DA:1723,0
DA:1724,0
DA:1725,0
DA:1726,0
DA:1727,0
DA:1729,0
DA:1730,0
DA:1731,0
DA:1733,0
DA:1736,0
DA:1737,0
DA:1738,0
DA:1739,0
DA:1740,0
DA:1741,0
DA:1742,0
DA:1743,0
DA:1744,0
DA:1745,0
DA:1746,0
DA:1747,0
DA:1750,0
DA:1751,0
DA:1752,0
DA:1753,0
DA:1754,0
DA:1755,0
DA:1758,0
DA:1759,0
DA:1760,0
DA:1761,0
DA:1762,0
DA:1763,0
DA:1764,0
DA:1774,0
DA:1776,0
DA:1777,0
DA:1779,0
DA:1782,0
DA:1784,0
DA:1785,0
DA:1788,0
DA:1789,0
DA:1792,0
DA:1793,0
DA:1794,0
DA:1797,0
DA:1798,0
DA:1799,0
DA:1800,0
DA:1801,0
DA:1804,0
DA:1806,0
DA:1807,0
DA:1808,0
DA:1809,0
DA:1812,0
DA:1813,0
DA:1814,0
DA:1815,0
DA:1816,0
DA:1817,0
DA:1818,0
DA:1819,0
DA:1820,0
DA:1821,0
DA:1822,0
DA:1823,0
DA:1824,0
DA:1826,0
DA:1827,0
DA:1829,0
DA:1830,0
DA:1832,0
DA:1833,0
DA:1835,0
DA:1836,0
DA:1838,0
DA:1839,0
DA:1840,0
DA:1841,0
DA:1842,0
DA:1843,0
DA:1844,0
DA:1845,0
DA:1847,0
DA:1848,0
DA:1849,0
DA:1850,0
DA:1851,0
DA:1853,0
DA:1854,0
DA:1856,0
DA:1857,0
DA:1858,0
DA:1860,0
DA:1863,0
DA:1864,0
DA:1865,0
DA:1866,0
DA:1867,0
DA:1868,0
DA:1869,0
DA:1870,0
DA:1871,0
DA:1872,0
DA:1873,0
DA:1874,0
DA:1875,0
DA:1876,0
DA:1877,0
DA:1878,0
DA:1879,0
DA:1880,0
DA:1881,0
DA:1882,0
DA:1883,0
DA:1884,0
DA:1885,0
DA:1886,0
DA:1889,0
DA:1890,0
DA:1891,0
DA:1894,0
DA:1895,0
DA:1896,0
DA:1899,0
DA:1900,0
DA:1901,0
DA:1902,0
DA:1903,0
DA:1906,0
DA:1907,0
DA:1908,0
DA:1909,0
DA:1910,0
DA:1913,0
DA:1914,0
DA:1917,0
DA:1918,0
DA:1919,0
DA:1922,0
DA:1923,0
DA:1924,0
DA:1925,0
DA:1928,0
DA:1929,0
DA:1930,0
DA:1931,0
DA:1934,0
DA:1935,0
DA:1938,0
DA:1939,0
DA:1942,0
DA:1943,0
DA:1944,0
DA:1945,0
DA:1948,0
DA:1949,0
DA:1950,0
DA:1951,0
DA:1954,0
DA:1955,0
DA:1956,0
DA:1957,0
DA:1960,0
DA:1961,0
DA:1962,0
DA:1963,0
DA:1966,0
DA:1967,0
DA:1968,0
DA:1971,0
DA:1972,0
DA:1973,0
DA:1974,0
DA:1977,0
DA:1978,0
DA:1979,0
DA:1981,0
DA:1982,0
DA:1983,0
DA:1984,0
DA:1985,0
DA:1986,0
DA:1987,0
DA:1990,0
DA:1991,0
DA:1992,0
DA:1993,0
DA:1994,0
DA:1997,0
DA:1998,0
DA:1999,0
DA:2000,0
DA:2001,0
DA:2004,0
DA:2005,0
DA:2006,0
DA:2007,0
DA:2008,0
DA:2011,0
DA:2012,0
DA:2014,0
DA:2017,0
DA:2018,0
DA:2019,0
DA:2022,0
DA:2023,0
DA:2025,0
DA:2026,0
DA:2027,0
DA:2028,0
DA:2030,0
DA:2033,0
DA:2034,0
DA:2035,0
DA:2036,0
DA:2037,0
DA:2038,0
DA:2041,0
DA:2042,0
DA:2043,0
DA:2044,0
DA:2047,0
DA:2048,0
DA:2049,0
DA:2050,0
DA:2053,0
DA:2054,0
DA:2055,0
DA:2057,0
DA:2058,0
DA:2059,0
DA:2061,0
DA:2062,0
DA:2063,0
DA:2066,0
DA:2067,0
DA:2068,0
DA:2069,0
DA:2070,0
DA:2073,0
DA:2075,0
DA:2076,0
DA:2079,0
DA:2081,0
DA:2082,0
DA:2085,2
DA:2086,2
DA:2087,2
DA:2088,2
DA:2089,2
DA:2092,0
DA:2093,0
DA:2094,0
DA:2095,0
DA:2096,0
DA:2097,0
LF:1275
LH:18
end_of_record
